0 info it worked if it ends with ok
1 verbose cli [ 'C:\\Program Files\\nodejs\\node.exe',
1 verbose cli   'C:\\Program Files\\nodejs\\node_modules\\npm\\bin\\npm-cli.js',
1 verbose cli   'run',
1 verbose cli   'build_db' ]
2 info using npm@3.10.10
3 info using node@v6.10.2
4 verbose run-script [ 'prebuild_db', 'build_db', 'postbuild_db' ]
5 info lifecycle movie-catalog@1.0.0~prebuild_db: movie-catalog@1.0.0
6 silly lifecycle movie-catalog@1.0.0~prebuild_db: no script for prebuild_db, continuing
7 info lifecycle movie-catalog@1.0.0~build_db: movie-catalog@1.0.0
8 verbose lifecycle movie-catalog@1.0.0~build_db: unsafe-perm in lifecycle true
9 verbose lifecycle movie-catalog@1.0.0~build_db: PATH: C:\Program Files\nodejs\node_modules\npm\bin\node-gyp-bin;C:\wamp64\www\movie-catalog\node_modules\.bin;\\srvctxfiles\dvdoc$\aiesec1\Downloads\cmder_mini\bin;\\srvctxfiles\dvdoc$\aiesec1\Downloads\cmder_mini\vendor\conemu-maximus5\ConEmu\Scripts;\\srvctxfiles\dvdoc$\aiesec1\Downloads\cmder_mini\vendor\conemu-maximus5;\\srvctxfiles\dvdoc$\aiesec1\Downloads\cmder_mini\vendor\conemu-maximus5\ConEmu;C:\Windows\system32;C:\Windows;C:\Windows\System32\Wbem;C:\Windows\System32\WindowsPowerShell\v1.0\;C:\Program Files (x86)\QuickTime\QTSystem\;C:\Program Files (x86)\Citrix\system32;C:\Program Files\Citrix\Virtual Desktop Agent\;C:\Program Files\ESET\ESET File Security\;H:\oracle\OraClient11g\oclient\11.2.0;H:\oracle\OraClient11g\oclient\11.2.0\bin;\\SRVAD2K8\NETLOGON;\\SRVAD2K802\NETLOGON;C:\app\PeopleSoft\product\11.2.0\client_1\bin;D:\app\PeopleSoft\product\11.2.0\client_1;C:\Users\aiesec1.UDEM\.dnx\bin;C:\Program Files\Microsoft DNX\Dnvm\;C:\Program Files\Microsoft SQL Server\130\Tools\Binn\;C:\Program Files (x86)\Microsoft SQL Server\Client SDK\ODBC\130\Tools\Binn\;C:\Program Files (x86)\Microsoft SQL Server\130\Tools\Binn\;C:\Program Files (x86)\Microsoft SQL Server\130\DTS\Binn\;C:\Program Files (x86)\Microsoft SQL Server\130\Tools\Binn\ManagementStudio\;C:\Program Files (x86)\Skype\Phone\;C:\Program Files\nodejs\;C:\Program Files\Git\cmd;\\srvctxfiles\dvdoc$\aiesec1\Application Data\npm;C:\Program Files\Heroku\bin;C:\Program Files\Git\usr\bin;C:\Program Files\Git\usr\share\vim\vim74;\\srvctxfiles\dvdoc$\aiesec1\Downloads\cmder_mini\
10 verbose lifecycle movie-catalog@1.0.0~build_db: CWD: C:\wamp64\www\movie-catalog
11 silly lifecycle movie-catalog@1.0.0~build_db: Args: [ '/d /s /c', 'node build_scripts/create_database.js' ]
12 silly lifecycle movie-catalog@1.0.0~build_db: Returned: code: 1  signal: null
13 info lifecycle movie-catalog@1.0.0~build_db: Failed to exec build_db script
14 verbose stack Error: movie-catalog@1.0.0 build_db: `node build_scripts/create_database.js`
14 verbose stack Exit status 1
14 verbose stack     at EventEmitter.<anonymous> (C:\Program Files\nodejs\node_modules\npm\lib\utils\lifecycle.js:255:16)
14 verbose stack     at emitTwo (events.js:106:13)
14 verbose stack     at EventEmitter.emit (events.js:191:7)
14 verbose stack     at ChildProcess.<anonymous> (C:\Program Files\nodejs\node_modules\npm\lib\utils\spawn.js:40:14)
14 verbose stack     at emitTwo (events.js:106:13)
14 verbose stack     at ChildProcess.emit (events.js:191:7)
14 verbose stack     at maybeClose (internal/child_process.js:886:16)
14 verbose stack     at Process.ChildProcess._handle.onexit (internal/child_process.js:226:5)
15 verbose pkgid movie-catalog@1.0.0
16 verbose cwd C:\wamp64\www\movie-catalog
17 error Windows_NT 6.3.9600
18 error argv "C:\\Program Files\\nodejs\\node.exe" "C:\\Program Files\\nodejs\\node_modules\\npm\\bin\\npm-cli.js" "run" "build_db"
19 error node v6.10.2
20 error npm  v3.10.10
21 error code ELIFECYCLE
22 error movie-catalog@1.0.0 build_db: `node build_scripts/create_database.js`
22 error Exit status 1
23 error Failed at the movie-catalog@1.0.0 build_db script 'node build_scripts/create_database.js'.
23 error Make sure you have the latest version of node.js and npm installed.
23 error If you do, this is most likely a problem with the movie-catalog package,
23 error not with npm itself.
23 error Tell the author that this fails on your system:
23 error     node build_scripts/create_database.js
23 error You can get information on how to open an issue for this project with:
23 error     npm bugs movie-catalog
23 error Or if that isn't available, you can get their info via:
23 error     npm owner ls movie-catalog
23 error There is likely additional logging output above.
24 verbose exit [ 1, true ]
